<?xml version="1.0" encoding="UTF-8"?>
<!-- Generated by org.testng.reporters.JUnitReportReporter -->
<testsuite hostname="Khosruz" failures="0" tests="1" name="UIandSQLandREST.AutomationDemoForAll.AppTest" time="0.008" errors="0" timestamp="2023-08-08T12:16:05 EDT" skipped="0">
  <testcase classname="UIandSQLandREST.AutomationDemoForAll.AppTest" name="shouldAnswerWithTrue" time="0.008"/>
  <system-out/>
</testsuite> <!-- UIandSQLandREST.AutomationDemoForAll.AppTest -->
